<?xml version="1.0" encoding="UTF-8"?>
<testng-results skipped="0" failed="0" ignored="0" total="1" passed="1">
  <reporter-output>
  </reporter-output>
  <suite name="Default suite" duration-ms="22499" started-at="2020-07-20T09:22:48 IST" finished-at="2020-07-20T09:23:11 IST">
    <groups>
    </groups>
    <test name="Default test" duration-ms="22499" started-at="2020-07-20T09:22:48 IST" finished-at="2020-07-20T09:23:11 IST">
      <class name="com.narshProject.startBrowser">
        <test-method status="PASS" signature="launchBrowser()[pri:0, instance:com.narshProject.startBrowser@610694f1]" name="launchBrowser" duration-ms="22317" started-at="2020-07-20T09:22:48 IST" finished-at="2020-07-20T09:23:11 IST">
          <reporter-output>
          </reporter-output>
        </test-method> <!-- launchBrowser -->
      </class> <!-- com.narshProject.startBrowser -->
    </test> <!-- Default test -->
  </suite> <!-- Default suite -->
</testng-results>
