<?xml version="1.0" encoding="UTF-8"?>
<testng-results skipped="0" failed="0" ignored="0" total="1" passed="1">
  <reporter-output>
  </reporter-output>
  <suite name="Default suite" duration-ms="29227" started-at="2020-07-21T20:16:04 IST" finished-at="2020-07-21T20:16:33 IST">
    <groups>
    </groups>
    <test name="Default test" duration-ms="29227" started-at="2020-07-21T20:16:04 IST" finished-at="2020-07-21T20:16:33 IST">
      <class name="com.narshProject.startBrowser">
        <test-method status="PASS" signature="setUp()[pri:0, instance:com.narshProject.startBrowser@6321e813]" name="setUp" is-config="true" duration-ms="203" started-at="2020-07-21T20:16:04 IST" finished-at="2020-07-21T20:16:04 IST">
          <reporter-output>
          </reporter-output>
        </test-method> <!-- setUp -->
        <test-method status="PASS" signature="launchBrowser()[pri:0, instance:com.narshProject.startBrowser@6321e813]" name="launchBrowser" duration-ms="28828" started-at="2020-07-21T20:16:04 IST" finished-at="2020-07-21T20:16:33 IST">
          <reporter-output>
          </reporter-output>
        </test-method> <!-- launchBrowser -->
      </class> <!-- com.narshProject.startBrowser -->
    </test> <!-- Default test -->
  </suite> <!-- Default suite -->
</testng-results>
